androidApp/build/intermediates/manifest_merge_blame_file/debug/manifest-merger-blame-debug-report.txt
1<?xml version="1.0" encoding="utf-8"?>
2<manifest xmlns:android="http://schemas.android.com/apk/res/android"
3    package="org.dgeek.currencyexchange.android"
4    android:versionCode="1"
5    android:versionName="1.0" >
6
7    <uses-sdk
8        android:minSdkVersion="24"
8-->src/main/AndroidManifest.xml
9        android:targetSdkVersion="33" />
9-->src/main/AndroidManifest.xml
10
11    <uses-permission android:name="android.permission.INTERNET" />
11-->src/main/AndroidManifest.xml:4:5-67
11-->src/main/AndroidManifest.xml:4:22-64
12
13    <permission
13-->[androidx.core:core:1.10.0] AndroidManifest.xml:22:5-24:47
14        android:name="org.dgeek.currencyexchange.android.DYNAMIC_RECEIVER_NOT_EXPORTED_PERMISSION"
14-->[androidx.core:core:1.10.0] AndroidManifest.xml:23:9-81
15        android:protectionLevel="signature" />
15-->[androidx.core:core:1.10.0] AndroidManifest.xml:24:9-44
16
17    <uses-permission android:name="org.dgeek.currencyexchange.android.DYNAMIC_RECEIVER_NOT_EXPORTED_PERMISSION" />
17-->[androidx.core:core:1.10.0] AndroidManifest.xml:26:5-97
17-->[androidx.core:core:1.10.0] AndroidManifest.xml:26:22-94
18
19    <application
19-->src/main/AndroidManifest.xml:6:5-19:19
20        android:name="org.dgeek.currencyexchange.android.CurrencyApp"
20-->src/main/AndroidManifest.xml:7:9-36
21        android:allowBackup="false"
21-->src/main/AndroidManifest.xml:8:9-36
22        android:appComponentFactory="androidx.core.app.CoreComponentFactory"
22-->[androidx.core:core:1.10.0] AndroidManifest.xml:28:18-86
23        android:debuggable="true"
24        android:extractNativeLibs="false"
25        android:supportsRtl="true"
25-->src/main/AndroidManifest.xml:9:9-35
26        android:testOnly="true"
27        android:theme="@style/AppTheme" >
27-->src/main/AndroidManifest.xml:10:9-40
28        <activity
28-->src/main/AndroidManifest.xml:11:9-18:20
29            android:name="org.dgeek.currencyexchange.android.MainActivity"
29-->src/main/AndroidManifest.xml:12:13-41
30            android:exported="true" >
30-->src/main/AndroidManifest.xml:13:13-36
31            <intent-filter>
31-->src/main/AndroidManifest.xml:14:13-17:29
32                <action android:name="android.intent.action.MAIN" />
32-->src/main/AndroidManifest.xml:15:17-69
32-->src/main/AndroidManifest.xml:15:25-66
33
34                <category android:name="android.intent.category.LAUNCHER" />
34-->src/main/AndroidManifest.xml:16:17-77
34-->src/main/AndroidManifest.xml:16:27-74
35            </intent-filter>
36        </activity>
37        <activity
37-->[androidx.compose.ui:ui-tooling:1.4.0] AndroidManifest.xml:23:9-25:39
38            android:name="androidx.compose.ui.tooling.PreviewActivity"
38-->[androidx.compose.ui:ui-tooling:1.4.0] AndroidManifest.xml:24:13-71
39            android:exported="true" />
39-->[androidx.compose.ui:ui-tooling:1.4.0] AndroidManifest.xml:25:13-36
40
41        <provider
41-->[androidx.emoji2:emoji2:1.3.0] AndroidManifest.xml:24:9-32:20
42            android:name="androidx.startup.InitializationProvider"
42-->[androidx.emoji2:emoji2:1.3.0] AndroidManifest.xml:25:13-67
43            android:authorities="org.dgeek.currencyexchange.android.androidx-startup"
43-->[androidx.emoji2:emoji2:1.3.0] AndroidManifest.xml:26:13-68
44            android:exported="false" >
44-->[androidx.emoji2:emoji2:1.3.0] AndroidManifest.xml:27:13-37
45            <meta-data
45-->[androidx.emoji2:emoji2:1.3.0] AndroidManifest.xml:29:13-31:52
46                android:name="androidx.emoji2.text.EmojiCompatInitializer"
46-->[androidx.emoji2:emoji2:1.3.0] AndroidManifest.xml:30:17-75
47                android:value="androidx.startup" />
47-->[androidx.emoji2:emoji2:1.3.0] AndroidManifest.xml:31:17-49
48            <meta-data
48-->[androidx.lifecycle:lifecycle-process:2.6.1] AndroidManifest.xml:29:13-31:52
49                android:name="androidx.lifecycle.ProcessLifecycleInitializer"
49-->[androidx.lifecycle:lifecycle-process:2.6.1] AndroidManifest.xml:30:17-78
50                android:value="androidx.startup" />
50-->[androidx.lifecycle:lifecycle-process:2.6.1] AndroidManifest.xml:31:17-49
51            <meta-data
51-->[androidx.profileinstaller:profileinstaller:1.3.0] AndroidManifest.xml:29:13-31:52
52                android:name="androidx.profileinstaller.ProfileInstallerInitializer"
52-->[androidx.profileinstaller:profileinstaller:1.3.0] AndroidManifest.xml:30:17-85
53                android:value="androidx.startup" />
53-->[androidx.profileinstaller:profileinstaller:1.3.0] AndroidManifest.xml:31:17-49
54        </provider>
55
56        <receiver
56-->[androidx.profileinstaller:profileinstaller:1.3.0] AndroidManifest.xml:34:9-52:20
57            android:name="androidx.profileinstaller.ProfileInstallReceiver"
57-->[androidx.profileinstaller:profileinstaller:1.3.0] AndroidManifest.xml:35:13-76
58            android:directBootAware="false"
58-->[androidx.profileinstaller:profileinstaller:1.3.0] AndroidManifest.xml:36:13-44
59            android:enabled="true"
59-->[androidx.profileinstaller:profileinstaller:1.3.0] AndroidManifest.xml:37:13-35
60            android:exported="true"
60-->[androidx.profileinstaller:profileinstaller:1.3.0] AndroidManifest.xml:38:13-36
61            android:permission="android.permission.DUMP" >
61-->[androidx.profileinstaller:profileinstaller:1.3.0] AndroidManifest.xml:39:13-57
62            <intent-filter>
62-->[androidx.profileinstaller:profileinstaller:1.3.0] AndroidManifest.xml:40:13-42:29
63                <action android:name="androidx.profileinstaller.action.INSTALL_PROFILE" />
63-->[androidx.profileinstaller:profileinstaller:1.3.0] AndroidManifest.xml:41:17-91
63-->[androidx.profileinstaller:profileinstaller:1.3.0] AndroidManifest.xml:41:25-88
64            </intent-filter>
65            <intent-filter>
65-->[androidx.profileinstaller:profileinstaller:1.3.0] AndroidManifest.xml:43:13-45:29
66                <action android:name="androidx.profileinstaller.action.SKIP_FILE" />
66-->[androidx.profileinstaller:profileinstaller:1.3.0] AndroidManifest.xml:44:17-85
66-->[androidx.profileinstaller:profileinstaller:1.3.0] AndroidManifest.xml:44:25-82
67            </intent-filter>
68            <intent-filter>
68-->[androidx.profileinstaller:profileinstaller:1.3.0] AndroidManifest.xml:46:13-48:29
69                <action android:name="androidx.profileinstaller.action.SAVE_PROFILE" />
69-->[androidx.profileinstaller:profileinstaller:1.3.0] AndroidManifest.xml:47:17-88
69-->[androidx.profileinstaller:profileinstaller:1.3.0] AndroidManifest.xml:47:25-85
70            </intent-filter>
71            <intent-filter>
71-->[androidx.profileinstaller:profileinstaller:1.3.0] AndroidManifest.xml:49:13-51:29
72                <action android:name="androidx.profileinstaller.action.BENCHMARK_OPERATION" />
72-->[androidx.profileinstaller:profileinstaller:1.3.0] AndroidManifest.xml:50:17-95
72-->[androidx.profileinstaller:profileinstaller:1.3.0] AndroidManifest.xml:50:25-92
73            </intent-filter>
74        </receiver>
75    </application>
76
77</manifest>